20210316 152701
2317.csv
2327.csv
2330.csv
2379.csv
2454.csv
3034.csv
3661.csv
20210316
20210317
        date  close  open   high    low    volu        e%  RSV  K  D
0  2013/3/11  65.30  65.3  65.50  64.70  222.12   \t0.90%    0  0  0
1  2013/3/12  65.30  64.9  65.90  64.90  234.18   \t4.10%    0  0  0
2  2013/3/13  64.90  65.3  65.70  64.90  233.70   \t8.50%    0  0  0
3  2013/3/14  65.30  65.3  65.90  65.02   32.40   \t0.40%    0  0  0
4  2013/3/15  65.50  65.8  66.15  65.50   40.25   \t1.30%    0  0  0
5  2013/3/18  66.15  65.7  66.70  65.70   45.70  \t-1.50%    0  0  0
6  2013/3/19  67.50  66.6  67.90  66.40   67.60   \t0.00%    0  0  0
7  2013/3/20  66.60  67.7  67.70  66.50  114.60   \t2.40%    0  0  0
8  2013/3/21  66.60  67.5  67.50  66.60   41.25   \t0.90%    0  0  0
Epoch 1/10000

  32/1910 [..............................] - ETA: 1:38:55 - loss: 0.1752
 128/1910 [=>............................] - ETA: 23:28 - loss: 0.0989  
 224/1910 [==>...........................] - ETA: 12:42 - loss: 0.0636
 320/1910 [====>.........................] - ETA: 8:23 - loss: 0.0502 
 416/1910 [=====>........................] - ETA: 6:04 - loss: 0.0425
 512/1910 [=======>......................] - ETA: 4:37 - loss: 0.0379
 608/1910 [========>.....................] - ETA: 3:37 - loss: 0.0342
 704/1910 [==========>...................] - ETA: 2:54 - loss: 0.0311
 800/1910 [===========>..................] - ETA: 2:21 - loss: 0.0286
 896/1910 [=============>................] - ETA: 1:55 - loss: 0.0263
 992/1910 [==============>...............] - ETA: 1:34 - loss: 0.0250
1088/1910 [================>.............] - ETA: 1:16 - loss: 0.0236
1184/1910 [=================>............] - ETA: 1:02 - loss: 0.0221
1280/1910 [===================>..........] - ETA: 50s - loss: 0.0209 
1376/1910 [====================>.........] - ETA: 39s - loss: 0.0199
1472/1910 [======================>.......] - ETA: 30s - loss: 0.0191
1568/1910 [=======================>......] - ETA: 22s - loss: 0.0182
1664/1910 [=========================>....] - ETA: 15s - loss: 0.0175
1760/1910 [==========================>...] - ETA: 8s - loss: 0.0169 
1856/1910 [============================>.] - ETA: 2s - loss: 0.0163
1910/1910 [==============================] - 102s 54ms/step - loss: 0.0160
Epoch 2/10000

  32/1910 [..............................] - ETA: 1s - loss: 0.0058
 128/1910 [=>............................] - ETA: 1s - loss: 0.0044
 224/1910 [==>...........................] - ETA: 1s - loss: 0.0046
 320/1910 [====>.........................] - ETA: 1s - loss: 0.0046
 416/1910 [=====>........................] - ETA: 1s - loss: 0.0044
 512/1910 [=======>......................] - ETA: 0s - loss: 0.0050
 608/1910 [========>.....................] - ETA: 0s - loss: 0.0052
 704/1910 [==========>...................] - ETA: 0s - loss: 0.0052
 800/1910 [===========>..................] - ETA: 0s - loss: 0.0053
 896/1910 [=============>................] - ETA: 0s - loss: 0.0052
 992/1910 [==============>...............] - ETA: 0s - loss: 0.0051
1088/1910 [================>.............] - ETA: 0s - loss: 0.0051
1184/1910 [=================>............] - ETA: 0s - loss: 0.0050
1280/1910 [===================>..........] - ETA: 0s - loss: 0.0052
1376/1910 [====================>.........] - ETA: 0s - loss: 0.0051
1472/1910 [======================>.......] - ETA: 0s - loss: 0.0052
1568/1910 [=======================>......] - ETA: 0s - loss: 0.0053
1664/1910 [=========================>....] - ETA: 0s - loss: 0.0053
1760/1910 [==========================>...] - ETA: 0s - loss: 0.0053
1856/1910 [============================>.] - ETA: 0s - loss: 0.0054
1910/1910 [==============================] - 1s 683us/step - loss: 0.0054
Epoch 3/10000

  32/1910 [..............................] - ETA: 1s - loss: 0.0076
 128/1910 [=>............................] - ETA: 1s - loss: 0.0061
 224/1910 [==>...........................] - ETA: 1s - loss: 0.0052
 320/1910 [====>.........................] - ETA: 1s - loss: 0.0047
 416/1910 [=====>........................] - ETA: 0s - loss: 0.0044
 512/1910 [=======>......................] - ETA: 0s - loss: 0.0043
 608/1910 [========>.....................] - ETA: 0s - loss: 0.0041
 704/1910 [==========>...................] - ETA: 0s - loss: 0.0040
 800/1910 [===========>..................] - ETA: 0s - loss: 0.0038
 896/1910 [=============>................] - ETA: 0s - loss: 0.0037
 992/1910 [==============>...............] - ETA: 0s - loss: 0.0036
1088/1910 [================>.............] - ETA: 0s - loss: 0.0036
1184/1910 [=================>............] - ETA: 0s - loss: 0.0037
1280/1910 [===================>..........] - ETA: 0s - loss: 0.0038
1376/1910 [====================>.........] - ETA: 0s - loss: 0.0039
1472/1910 [======================>.......] - ETA: 0s - loss: 0.0039
1568/1910 [=======================>......] - ETA: 0s - loss: 0.0039
1664/1910 [=========================>....] - ETA: 0s - loss: 0.0038
1760/1910 [==========================>...] - ETA: 0s - loss: 0.0038
1856/1910 [============================>.] - ETA: 0s - loss: 0.0037
1910/1910 [==============================] - 1s 692us/step - loss: 0.0038
Epoch 4/10000

  32/1910 [..............................] - ETA: 1s - loss: 0.0019
 128/1910 [=>............................] - ETA: 1s - loss: 0.0039
 224/1910 [==>...........................] - ETA: 1s - loss: 0.0042
 320/1910 [====>.........................] - ETA: 1s - loss: 0.0040
 416/1910 [=====>........................] - ETA: 1s - loss: 0.0038
 512/1910 [=======>......................] - ETA: 0s - loss: 0.0040
 608/1910 [========>.....................] - ETA: 0s - loss: 0.0040
 704/1910 [==========>...................] - ETA: 0s - loss: 0.0039
 800/1910 [===========>..................] - ETA: 0s - loss: 0.0039
 896/1910 [=============>................] - ETA: 0s - loss: 0.0037
 992/1910 [==============>...............] - ETA: 0s - loss: 0.0037
1088/1910 [================>.............] - ETA: 0s - loss: 0.0037
1184/1910 [=================>............] - ETA: 0s - loss: 0.0036
1280/1910 [===================>..........] - ETA: 0s - loss: 0.0036
1376/1910 [====================>.........] - ETA: 0s - loss: 0.0035
1472/1910 [======================>.......] - ETA: 0s - loss: 0.0034
1568/1910 [=======================>......] - ETA: 0s - loss: 0.0033
1664/1910 [=========================>....] - ETA: 0s - loss: 0.0032
1760/1910 [==========================>...] - ETA: 0s - loss: 0.0032
1856/1910 [============================>.] - ETA: 0s - loss: 0.0031
1910/1910 [==============================] - 1s 692us/step - loss: 0.0031
Epoch 5/10000

  32/1910 [..............................] - ETA: 1s - loss: 0.0027
 128/1910 [=>............................] - ETA: 1s - loss: 0.0021
 224/1910 [==>...........................] - ETA: 1s - loss: 0.0021
 320/1910 [====>.........................] - ETA: 1s - loss: 0.0019
 416/1910 [=====>........................] - ETA: 1s - loss: 0.0019
 512/1910 [=======>......................] - ETA: 0s - loss: 0.0018
 608/1910 [========>.....................] - ETA: 0s - loss: 0.0017
 704/1910 [==========>...................] - ETA: 0s - loss: 0.0017
 800/1910 [===========>..................] - ETA: 0s - loss: 0.0017
 896/1910 [=============>................] - ETA: 0s - loss: 0.0016
 992/1910 [==============>...............] - ETA: 0s - loss: 0.0016
1088/1910 [================>.............] - ETA: 0s - loss: 0.0016
1184/1910 [=================>............] - ETA: 0s - loss: 0.0015
1280/1910 [===================>..........] - ETA: 0s - loss: 0.0015
1376/1910 [====================>.........] - ETA: 0s - loss: 0.0015
1472/1910 [======================>.......] - ETA: 0s - loss: 0.0015
1568/1910 [=======================>......] - ETA: 0s - loss: 0.0015
1664/1910 [=========================>....] - ETA: 0s - loss: 0.0015
1760/1910 [==========================>...] - ETA: 0s - loss: 0.0015
1856/1910 [============================>.] - ETA: 0s - loss: 0.0015
1910/1910 [==============================] - 1s 698us/step - loss: 0.0014
Epoch 6/10000

  32/1910 [..............................] - ETA: 1s - loss: 0.0012
 128/1910 [=>............................] - ETA: 1s - loss: 9.5411e-04
 224/1910 [==>...........................] - ETA: 1s - loss: 9.2387e-04
 320/1910 [====>.........................] - ETA: 1s - loss: 0.0010    
 416/1910 [=====>........................] - ETA: 1s - loss: 0.0011
 512/1910 [=======>......................] - ETA: 0s - loss: 0.0010
 608/1910 [========>.....................] - ETA: 0s - loss: 0.0011
 704/1910 [==========>...................] - ETA: 0s - loss: 0.0010
 800/1910 [===========>..................] - ETA: 0s - loss: 0.0010
 896/1910 [=============>................] - ETA: 0s - loss: 0.0011
 992/1910 [==============>...............] - ETA: 0s - loss: 0.0011
1088/1910 [================>.............] - ETA: 0s - loss: 0.0011
1184/1910 [=================>............] - ETA: 0s - loss: 0.0011
1280/1910 [===================>..........] - ETA: 0s - loss: 0.0011
1376/1910 [====================>.........] - ETA: 0s - loss: 0.0010
1472/1910 [======================>.......] - ETA: 0s - loss: 0.0010
1568/1910 [=======================>......] - ETA: 0s - loss: 0.0010
1664/1910 [=========================>....] - ETA: 0s - loss: 0.0010
1760/1910 [==========================>...] - ETA: 0s - loss: 0.0010
1856/1910 [============================>.] - ETA: 0s - loss: 0.0010
1910/1910 [==============================] - 1s 696us/step - loss: 0.0010
Epoch 7/10000

  32/1910 [..............................] - ETA: 1s - loss: 0.0010
 128/1910 [=>............................] - ETA: 1s - loss: 8.9094e-04
 224/1910 [==>...........................] - ETA: 1s - loss: 8.0223e-04
 320/1910 [====>.........................] - ETA: 1s - loss: 8.7859e-04
 416/1910 [=====>........................] - ETA: 1s - loss: 8.8173e-04
 512/1910 [=======>......................] - ETA: 0s - loss: 8.4656e-04
 608/1910 [========>.....................] - ETA: 0s - loss: 8.3597e-04
 704/1910 [==========>...................] - ETA: 0s - loss: 8.6359e-04
 800/1910 [===========>..................] - ETA: 0s - loss: 8.7482e-04
 896/1910 [=============>................] - ETA: 0s - loss: 8.9383e-04
 992/1910 [==============>...............] - ETA: 0s - loss: 9.7055e-04
1088/1910 [================>.............] - ETA: 0s - loss: 9.4626e-04
1184/1910 [=================>............] - ETA: 0s - loss: 9.2717e-04
1280/1910 [===================>..........] - ETA: 0s - loss: 9.0620e-04
1376/1910 [====================>.........] - ETA: 0s - loss: 9.0752e-04
1472/1910 [======================>.......] - ETA: 0s - loss: 8.9599e-04
1568/1910 [=======================>......] - ETA: 0s - loss: 8.8999e-04
1664/1910 [=========================>....] - ETA: 0s - loss: 8.8848e-04
1760/1910 [==========================>...] - ETA: 0s - loss: 8.6835e-04
1856/1910 [============================>.] - ETA: 0s - loss: 8.9378e-04
1910/1910 [==============================] - 1s 690us/step - loss: 8.8810e-04
Epoch 8/10000

  32/1910 [..............................] - ETA: 1s - loss: 9.2681e-04
 128/1910 [=>............................] - ETA: 1s - loss: 0.0010    
 224/1910 [==>...........................] - ETA: 1s - loss: 9.7060e-04
 320/1910 [====>.........................] - ETA: 1s - loss: 8.2532e-04
 416/1910 [=====>........................] - ETA: 0s - loss: 8.4326e-04
 512/1910 [=======>......................] - ETA: 0s - loss: 8.8324e-04
 608/1910 [========>.....................] - ETA: 0s - loss: 8.5973e-04
 704/1910 [==========>...................] - ETA: 0s - loss: 8.5043e-04
 800/1910 [===========>..................] - ETA: 0s - loss: 8.6935e-04
 896/1910 [=============>................] - ETA: 0s - loss: 8.4249e-04
 992/1910 [==============>...............] - ETA: 0s - loss: 8.3408e-04
1088/1910 [================>.............] - ETA: 0s - loss: 8.0306e-04
1184/1910 [=================>............] - ETA: 0s - loss: 8.3288e-04
1280/1910 [===================>..........] - ETA: 0s - loss: 8.4892e-04
1376/1910 [====================>.........] - ETA: 0s - loss: 8.3315e-04
1472/1910 [======================>.......] - ETA: 0s - loss: 8.2769e-04
1568/1910 [=======================>......] - ETA: 0s - loss: 8.3753e-04
1664/1910 [=========================>....] - ETA: 0s - loss: 8.1881e-04
1760/1910 [==========================>...] - ETA: 0s - loss: 8.2038e-04
1856/1910 [============================>.] - ETA: 0s - loss: 8.2339e-04
1910/1910 [==============================] - 1s 681us/step - loss: 8.2546e-04
Epoch 9/10000

  32/1910 [..............................] - ETA: 1s - loss: 0.0010
 128/1910 [=>............................] - ETA: 1s - loss: 8.1989e-04
 224/1910 [==>...........................] - ETA: 1s - loss: 7.2332e-04
 320/1910 [====>.........................] - ETA: 1s - loss: 7.2190e-04
 416/1910 [=====>........................] - ETA: 1s - loss: 6.6061e-04
 512/1910 [=======>......................] - ETA: 0s - loss: 7.4116e-04
 608/1910 [========>.....................] - ETA: 0s - loss: 7.2824e-04
 704/1910 [==========>...................] - ETA: 0s - loss: 6.8172e-04
 800/1910 [===========>..................] - ETA: 0s - loss: 7.4571e-04
 896/1910 [=============>................] - ETA: 0s - loss: 7.4795e-04
 992/1910 [==============>...............] - ETA: 0s - loss: 7.9305e-04
1088/1910 [================>.............] - ETA: 0s - loss: 8.0218e-04
1184/1910 [=================>............] - ETA: 0s - loss: 8.2053e-04
1280/1910 [===================>..........] - ETA: 0s - loss: 8.3671e-04
1376/1910 [====================>.........] - ETA: 0s - loss: 8.6432e-04
1472/1910 [======================>.......] - ETA: 0s - loss: 9.0310e-04
1568/1910 [=======================>......] - ETA: 0s - loss: 9.2546e-04
1664/1910 [=========================>....] - ETA: 0s - loss: 9.1098e-04
1760/1910 [==========================>...] - ETA: 0s - loss: 9.3006e-04
1856/1910 [============================>.] - ETA: 0s - loss: 9.2244e-04
1910/1910 [==============================] - 1s 680us/step - loss: 9.2672e-04
Epoch 10/10000

  32/1910 [..............................] - ETA: 1s - loss: 0.0011
 128/1910 [=>............................] - ETA: 1s - loss: 7.1482e-04
 224/1910 [==>...........................] - ETA: 1s - loss: 7.3531e-04
 320/1910 [====>.........................] - ETA: 1s - loss: 9.3370e-04
 416/1910 [=====>........................] - ETA: 1s - loss: 8.9260e-04
 512/1910 [=======>......................] - ETA: 0s - loss: 8.3605e-04
 608/1910 [========>.....................] - ETA: 0s - loss: 8.0724e-04
 704/1910 [==========>...................] - ETA: 0s - loss: 7.6239e-04
 800/1910 [===========>..................] - ETA: 0s - loss: 7.4090e-04
 896/1910 [=============>................] - ETA: 0s - loss: 7.1302e-04
 992/1910 [==============>...............] - ETA: 0s - loss: 7.0335e-04
1088/1910 [================>.............] - ETA: 0s - loss: 6.8526e-04
1184/1910 [=================>............] - ETA: 0s - loss: 6.6567e-04
1280/1910 [===================>..........] - ETA: 0s - loss: 6.9688e-04
1376/1910 [====================>.........] - ETA: 0s - loss: 6.9032e-04
1472/1910 [======================>.......] - ETA: 0s - loss: 6.9634e-04
1568/1910 [=======================>......] - ETA: 0s - loss: 6.8642e-04
1664/1910 [=========================>....] - ETA: 0s - loss: 6.7674e-04
1760/1910 [==========================>...] - ETA: 0s - loss: 6.7607e-04
1856/1910 [============================>.] - ETA: 0s - loss: 6.8155e-04
1910/1910 [==============================] - 1s 678us/step - loss: 6.7389e-04
Epoch 11/10000

  32/1910 [..............................] - ETA: 1s - loss: 6.6169e-04
 128/1910 [=>............................] - ETA: 1s - loss: 4.3664e-04
 224/1910 [==>...........................] - ETA: 1s - loss: 4.6596e-04
 320/1910 [====>.........................] - ETA: 1s - loss: 4.4991e-04
 416/1910 [=====>........................] - ETA: 0s - loss: 6.2437e-04
 512/1910 [=======>......................] - ETA: 0s - loss: 7.6972e-04
 608/1910 [========>.....................] - ETA: 0s - loss: 9.2463e-04
 704/1910 [==========>...................] - ETA: 0s - loss: 9.5339e-04
 800/1910 [===========>..................] - ETA: 0s - loss: 9.6713e-04
 896/1910 [=============>................] - ETA: 0s - loss: 9.5922e-04
 992/1910 [==============>...............] - ETA: 0s - loss: 9.2997e-04
1088/1910 [================>.............] - ETA: 0s - loss: 9.3555e-04
1184/1910 [=================>............] - ETA: 0s - loss: 9.1137e-04
1280/1910 [===================>..........] - ETA: 0s - loss: 9.0319e-04
1376/1910 [====================>.........] - ETA: 0s - loss: 8.9400e-04
1472/1910 [======================>.......] - ETA: 0s - loss: 8.9922e-04
1568/1910 [=======================>......] - ETA: 0s - loss: 9.0496e-04
1664/1910 [=========================>....] - ETA: 0s - loss: 8.9240e-04
1760/1910 [==========================>...] - ETA: 0s - loss: 9.0485e-04
1856/1910 [============================>.] - ETA: 0s - loss: 8.8731e-04
1910/1910 [==============================] - 1s 678us/step - loss: 8.8086e-04
Epoch 12/10000

  32/1910 [..............................] - ETA: 1s - loss: 3.9853e-04
 128/1910 [=>............................] - ETA: 1s - loss: 4.5170e-04
 224/1910 [==>...........................] - ETA: 1s - loss: 4.6399e-04
 320/1910 [====>.........................] - ETA: 1s - loss: 4.7670e-04
 416/1910 [=====>........................] - ETA: 1s - loss: 4.7250e-04
 512/1910 [=======>......................] - ETA: 0s - loss: 4.5759e-04
 608/1910 [========>.....................] - ETA: 0s - loss: 4.6419e-04
 704/1910 [==========>...................] - ETA: 0s - loss: 4.8696e-04
 800/1910 [===========>..................] - ETA: 0s - loss: 4.8284e-04
 896/1910 [=============>................] - ETA: 0s - loss: 4.7878e-04
 992/1910 [==============>...............] - ETA: 0s - loss: 4.8608e-04
1088/1910 [================>.............] - ETA: 0s - loss: 4.9783e-04
1184/1910 [=================>............] - ETA: 0s - loss: 5.1599e-04
1280/1910 [===================>..........] - ETA: 0s - loss: 5.2362e-04
1376/1910 [====================>.........] - ETA: 0s - loss: 5.1472e-04
1472/1910 [======================>.......] - ETA: 0s - loss: 5.4517e-04
1568/1910 [=======================>......] - ETA: 0s - loss: 5.4818e-04
1664/1910 [=========================>....] - ETA: 0s - loss: 5.8331e-04
1760/1910 [==========================>...] - ETA: 0s - loss: 5.7265e-04
1856/1910 [============================>.] - ETA: 0s - loss: 5.8537e-04
1910/1910 [==============================] - 1s 691us/step - loss: 5.9635e-04
Epoch 13/10000

  32/1910 [..............................] - ETA: 1s - loss: 5.3347e-04
 128/1910 [=>............................] - ETA: 1s - loss: 7.2689e-04
 224/1910 [==>...........................] - ETA: 1s - loss: 7.7938e-04
 320/1910 [====>.........................] - ETA: 1s - loss: 8.7917e-04
 416/1910 [=====>........................] - ETA: 1s - loss: 7.9284e-04
 512/1910 [=======>......................] - ETA: 0s - loss: 7.4704e-04
 608/1910 [========>.....................] - ETA: 0s - loss: 6.9847e-04
 704/1910 [==========>...................] - ETA: 0s - loss: 6.8600e-04
 800/1910 [===========>..................] - ETA: 0s - loss: 6.6951e-04
 896/1910 [=============>................] - ETA: 0s - loss: 6.4091e-04
 992/1910 [==============>...............] - ETA: 0s - loss: 6.4215e-04
1088/1910 [================>.............] - ETA: 0s - loss: 6.4539e-04
1184/1910 [=================>............] - ETA: 0s - loss: 6.5948e-04
1280/1910 [===================>..........] - ETA: 0s - loss: 6.6903e-04
1376/1910 [====================>.........] - ETA: 0s - loss: 6.6423e-04
1472/1910 [======================>.......] - ETA: 0s - loss: 6.8688e-04
1568/1910 [=======================>......] - ETA: 0s - loss: 6.7141e-04
1664/1910 [=========================>....] - ETA: 0s - loss: 6.6254e-04
1760/1910 [==========================>...] - ETA: 0s - loss: 6.4828e-04
1856/1910 [============================>.] - ETA: 0s - loss: 6.3044e-04
1910/1910 [==============================] - 1s 684us/step - loss: 6.3034e-04
Epoch 14/10000

  32/1910 [..............................] - ETA: 1s - loss: 0.0012
 128/1910 [=>............................] - ETA: 1s - loss: 8.2495e-04
 224/1910 [==>...........................] - ETA: 1s - loss: 8.2857e-04
 320/1910 [====>.........................] - ETA: 1s - loss: 7.1291e-04
 416/1910 [=====>........................] - ETA: 1s - loss: 6.5127e-04
 512/1910 [=======>......................] - ETA: 0s - loss: 6.5781e-04
 608/1910 [========>.....................] - ETA: 0s - loss: 6.4901e-04
 704/1910 [==========>...................] - ETA: 0s - loss: 6.3166e-04
 800/1910 [===========>..................] - ETA: 0s - loss: 6.0855e-04
 896/1910 [=============>................] - ETA: 0s - loss: 6.9102e-04
 992/1910 [==============>...............] - ETA: 0s - loss: 6.6738e-04
1088/1910 [================>.............] - ETA: 0s - loss: 6.6615e-04
1184/1910 [=================>............] - ETA: 0s - loss: 6.5986e-04
1280/1910 [===================>..........] - ETA: 0s - loss: 6.4335e-04
1376/1910 [====================>.........] - ETA: 0s - loss: 6.3679e-04
1472/1910 [======================>.......] - ETA: 0s - loss: 6.4593e-04
1568/1910 [=======================>......] - ETA: 0s - loss: 6.6665e-04
1664/1910 [=========================>....] - ETA: 0s - loss: 6.8279e-04
1760/1910 [==========================>...] - ETA: 0s - loss: 6.9405e-04
1856/1910 [============================>.] - ETA: 0s - loss: 7.1194e-04
1910/1910 [==============================] - 1s 701us/step - loss: 7.3492e-04
Epoch 15/10000

  32/1910 [..............................] - ETA: 1s - loss: 5.6746e-04
 128/1910 [=>............................] - ETA: 1s - loss: 5.9455e-04
 224/1910 [==>...........................] - ETA: 1s - loss: 6.6831e-04
 320/1910 [====>.........................] - ETA: 1s - loss: 7.0942e-04
 416/1910 [=====>........................] - ETA: 1s - loss: 7.6687e-04
 512/1910 [=======>......................] - ETA: 0s - loss: 7.0997e-04
 608/1910 [========>.....................] - ETA: 0s - loss: 6.4531e-04
 704/1910 [==========>...................] - ETA: 0s - loss: 5.9587e-04
 800/1910 [===========>..................] - ETA: 0s - loss: 5.7520e-04
 896/1910 [=============>................] - ETA: 0s - loss: 5.8121e-04
 992/1910 [==============>...............] - ETA: 0s - loss: 5.5964e-04
1088/1910 [================>.............] - ETA: 0s - loss: 5.3760e-04
1184/1910 [=================>............] - ETA: 0s - loss: 5.3981e-04
1280/1910 [===================>..........] - ETA: 0s - loss: 5.2576e-04
1376/1910 [====================>.........] - ETA: 0s - loss: 5.2314e-04
1472/1910 [======================>.......] - ETA: 0s - loss: 5.2444e-04
1568/1910 [=======================>......] - ETA: 0s - loss: 5.2036e-04
1664/1910 [=========================>....] - ETA: 0s - loss: 5.0993e-04
1760/1910 [==========================>...] - ETA: 0s - loss: 5.4778e-04
1856/1910 [============================>.] - ETA: 0s - loss: 5.4278e-04
1910/1910 [==============================] - 1s 687us/step - loss: 5.3821e-04
Epoch 16/10000

  32/1910 [..............................] - ETA: 1s - loss: 5.6525e-04
 128/1910 [=>............................] - ETA: 1s - loss: 6.6177e-04
 224/1910 [==>...........................] - ETA: 1s - loss: 6.2307e-04
 320/1910 [====>.........................] - ETA: 1s - loss: 5.6581e-04
 416/1910 [=====>........................] - ETA: 1s - loss: 5.3639e-04
 512/1910 [=======>......................] - ETA: 0s - loss: 5.0313e-04
 608/1910 [========>.....................] - ETA: 0s - loss: 5.1218e-04
 704/1910 [==========>...................] - ETA: 0s - loss: 5.3699e-04
 800/1910 [===========>..................] - ETA: 0s - loss: 5.3611e-04
 896/1910 [=============>................] - ETA: 0s - loss: 5.2792e-04
 992/1910 [==============>...............] - ETA: 0s - loss: 5.1225e-04
1088/1910 [================>.............] - ETA: 0s - loss: 4.9918e-04
1184/1910 [=================>............] - ETA: 0s - loss: 4.9018e-04
1280/1910 [===================>..........] - ETA: 0s - loss: 5.2701e-04
1376/1910 [====================>.........] - ETA: 0s - loss: 5.4285e-04
1472/1910 [======================>.......] - ETA: 0s - loss: 5.4116e-04
1568/1910 [=======================>......] - ETA: 0s - loss: 5.4911e-04
1664/1910 [=========================>....] - ETA: 0s - loss: 5.3732e-04
1760/1910 [==========================>...] - ETA: 0s - loss: 5.3059e-04
1856/1910 [============================>.] - ETA: 0s - loss: 5.2767e-04
1910/1910 [==============================] - 1s 696us/step - loss: 5.2470e-04
Epoch 17/10000

  32/1910 [..............................] - ETA: 1s - loss: 2.8537e-04
 128/1910 [=>............................] - ETA: 1s - loss: 7.5627e-04
 224/1910 [==>...........................] - ETA: 1s - loss: 6.3608e-04
 320/1910 [====>.........................] - ETA: 1s - loss: 5.3965e-04
 416/1910 [=====>........................] - ETA: 1s - loss: 4.9525e-04
 512/1910 [=======>......................] - ETA: 0s - loss: 5.0696e-04
 608/1910 [========>.....................] - ETA: 0s - loss: 5.1302e-04
 704/1910 [==========>...................] - ETA: 0s - loss: 5.5297e-04
 800/1910 [===========>..................] - ETA: 0s - loss: 5.4619e-04
 896/1910 [=============>................] - ETA: 0s - loss: 5.6099e-04
 992/1910 [==============>...............] - ETA: 0s - loss: 5.4954e-04
1088/1910 [================>.............] - ETA: 0s - loss: 5.4321e-04
1184/1910 [=================>............] - ETA: 0s - loss: 5.2737e-04
1280/1910 [===================>..........] - ETA: 0s - loss: 5.2507e-04
1376/1910 [====================>.........] - ETA: 0s - loss: 5.3445e-04
1472/1910 [======================>.......] - ETA: 0s - loss: 5.2178e-04
1568/1910 [=======================>......] - ETA: 0s - loss: 5.2610e-04
1664/1910 [=========================>....] - ETA: 0s - loss: 5.3080e-04
1760/1910 [==========================>...] - ETA: 0s - loss: 5.3170e-04
1856/1910 [============================>.] - ETA: 0s - loss: 5.3998e-04
1910/1910 [==============================] - 1s 688us/step - loss: 5.5099e-04
Epoch 18/10000

  32/1910 [..............................] - ETA: 1s - loss: 1.3561e-04
 128/1910 [=>............................] - ETA: 1s - loss: 8.2796e-04
 224/1910 [==>...........................] - ETA: 1s - loss: 0.0011    
 320/1910 [====>.........................] - ETA: 1s - loss: 0.0010
 416/1910 [=====>........................] - ETA: 1s - loss: 9.0303e-04
 512/1910 [=======>......................] - ETA: 0s - loss: 9.3534e-04
 608/1910 [========>.....................] - ETA: 0s - loss: 9.3449e-04
 704/1910 [==========>...................] - ETA: 0s - loss: 8.7034e-04
 800/1910 [===========>..................] - ETA: 0s - loss: 8.1581e-04
 896/1910 [=============>................] - ETA: 0s - loss: 7.5392e-04
 992/1910 [==============>...............] - ETA: 0s - loss: 7.3968e-04
1088/1910 [================>.............] - ETA: 0s - loss: 7.1163e-04
1184/1910 [=================>............] - ETA: 0s - loss: 6.9469e-04
1280/1910 [===================>..........] - ETA: 0s - loss: 6.8830e-04
1376/1910 [====================>.........] - ETA: 0s - loss: 6.6674e-04
1472/1910 [======================>.......] - ETA: 0s - loss: 6.6331e-04
1568/1910 [=======================>......] - ETA: 0s - loss: 6.5408e-04
1664/1910 [=========================>....] - ETA: 0s - loss: 6.4582e-04
1760/1910 [==========================>...] - ETA: 0s - loss: 6.3457e-04
1856/1910 [============================>.] - ETA: 0s - loss: 6.2376e-04
1910/1910 [==============================] - 1s 680us/step - loss: 6.2014e-04
Epoch 19/10000

  32/1910 [..............................] - ETA: 1s - loss: 3.2808e-04
 128/1910 [=>............................] - ETA: 1s - loss: 4.1291e-04
 224/1910 [==>...........................] - ETA: 1s - loss: 4.5971e-04
 320/1910 [====>.........................] - ETA: 1s - loss: 4.3822e-04
 416/1910 [=====>........................] - ETA: 1s - loss: 4.2751e-04
 512/1910 [=======>......................] - ETA: 0s - loss: 4.1555e-04
 608/1910 [========>.....................] - ETA: 0s - loss: 4.7207e-04
 704/1910 [==========>...................] - ETA: 0s - loss: 5.3284e-04
 800/1910 [===========>..................] - ETA: 0s - loss: 5.2719e-04
 896/1910 [=============>................] - ETA: 0s - loss: 5.3634e-04
 992/1910 [==============>...............] - ETA: 0s - loss: 5.1525e-04
1088/1910 [================>.............] - ETA: 0s - loss: 5.3733e-04
1184/1910 [=================>............] - ETA: 0s - loss: 5.4495e-04
1280/1910 [===================>..........] - ETA: 0s - loss: 5.5296e-04
1376/1910 [====================>.........] - ETA: 0s - loss: 5.4536e-04
1472/1910 [======================>.......] - ETA: 0s - loss: 5.3188e-04
1568/1910 [=======================>......] - ETA: 0s - loss: 5.2910e-04
1664/1910 [=========================>....] - ETA: 0s - loss: 5.2649e-04
1760/1910 [==========================>...] - ETA: 0s - loss: 5.1642e-04
1856/1910 [============================>.] - ETA: 0s - loss: 5.0750e-04
1910/1910 [==============================] - 1s 694us/step - loss: 5.0041e-04
Epoch 20/10000

  32/1910 [..............................] - ETA: 1s - loss: 2.7951e-04
 128/1910 [=>............................] - ETA: 1s - loss: 5.6507e-04
 224/1910 [==>...........................] - ETA: 1s - loss: 4.9841e-04
 320/1910 [====>.........................] - ETA: 1s - loss: 4.6139e-04
 416/1910 [=====>........................] - ETA: 1s - loss: 4.5030e-04
 512/1910 [=======>......................] - ETA: 0s - loss: 4.2832e-04
 608/1910 [========>.....................] - ETA: 0s - loss: 4.2862e-04
 704/1910 [==========>...................] - ETA: 0s - loss: 4.1374e-04
 800/1910 [===========>..................] - ETA: 0s - loss: 4.1837e-04
 896/1910 [=============>................] - ETA: 0s - loss: 4.3760e-04
 992/1910 [==============>...............] - ETA: 0s - loss: 4.2590e-04
1088/1910 [================>.............] - ETA: 0s - loss: 4.2723e-04
1184/1910 [=================>............] - ETA: 0s - loss: 4.3318e-04
1280/1910 [===================>..........] - ETA: 0s - loss: 4.3274e-04
1376/1910 [====================>.........] - ETA: 0s - loss: 4.7292e-04
1472/1910 [======================>.......] - ETA: 0s - loss: 4.9696e-04
1568/1910 [=======================>......] - ETA: 0s - loss: 5.1012e-04
1664/1910 [=========================>....] - ETA: 0s - loss: 5.0630e-04
1760/1910 [==========================>...] - ETA: 0s - loss: 5.1435e-04
1856/1910 [============================>.] - ETA: 0s - loss: 5.1574e-04
1910/1910 [==============================] - 1s 690us/step - loss: 5.1766e-04
Epoch 21/10000

  32/1910 [..............................] - ETA: 1s - loss: 2.2738e-04
 128/1910 [=>............................] - ETA: 1s - loss: 8.0309e-04
 224/1910 [==>...........................] - ETA: 1s - loss: 7.3774e-04
 320/1910 [====>.........................] - ETA: 1s - loss: 7.0500e-04
 416/1910 [=====>........................] - ETA: 1s - loss: 7.1291e-04
 512/1910 [=======>......................] - ETA: 0s - loss: 6.6969e-04
 608/1910 [========>.....................] - ETA: 0s - loss: 6.6441e-04
 704/1910 [==========>...................] - ETA: 0s - loss: 6.4876e-04
 800/1910 [===========>..................] - ETA: 0s - loss: 6.2028e-04
 896/1910 [=============>................] - ETA: 0s - loss: 6.1438e-04
 992/1910 [==============>...............] - ETA: 0s - loss: 5.8871e-04
1088/1910 [================>.............] - ETA: 0s - loss: 5.7591e-04
1184/1910 [=================>............] - ETA: 0s - loss: 5.5462e-04
1280/1910 [===================>..........] - ETA: 0s - loss: 5.5350e-04
1376/1910 [====================>.........] - ETA: 0s - loss: 5.4167e-04
1472/1910 [======================>.......] - ETA: 0s - loss: 5.2531e-04
1568/1910 [=======================>......] - ETA: 0s - loss: 5.1828e-04
1664/1910 [=========================>....] - ETA: 0s - loss: 5.2495e-04
1760/1910 [==========================>...] - ETA: 0s - loss: 5.1344e-04
1856/1910 [============================>.] - ETA: 0s - loss: 5.1811e-04
1910/1910 [==============================] - 1s 695us/step - loss: 5.1252e-04
Epoch 22/10000

  32/1910 [..............................] - ETA: 1s - loss: 2.3495e-04
 128/1910 [=>............................] - ETA: 1s - loss: 3.7470e-04
 224/1910 [==>...........................] - ETA: 1s - loss: 4.1130e-04
 320/1910 [====>.........................] - ETA: 1s - loss: 6.1793e-04
 416/1910 [=====>........................] - ETA: 0s - loss: 5.6970e-04
 512/1910 [=======>......................] - ETA: 0s - loss: 5.1581e-04
 608/1910 [========>.....................] - ETA: 0s - loss: 4.8585e-04
 704/1910 [==========>...................] - ETA: 0s - loss: 4.8171e-04
 800/1910 [===========>..................] - ETA: 0s - loss: 4.8353e-04
 896/1910 [=============>................] - ETA: 0s - loss: 4.7008e-04
 992/1910 [==============>...............] - ETA: 0s - loss: 4.6515e-04
1088/1910 [================>.............] - ETA: 0s - loss: 4.5905e-04
1184/1910 [=================>............] - ETA: 0s - loss: 4.6215e-04
1280/1910 [===================>..........] - ETA: 0s - loss: 4.6557e-04
1376/1910 [====================>.........] - ETA: 0s - loss: 4.6297e-04
1472/1910 [======================>.......] - ETA: 0s - loss: 4.7098e-04
1568/1910 [=======================>......] - ETA: 0s - loss: 4.8812e-04
1664/1910 [=========================>....] - ETA: 0s - loss: 4.7828e-04
1760/1910 [==========================>...] - ETA: 0s - loss: 4.7725e-04
1856/1910 [============================>.] - ETA: 0s - loss: 4.7186e-04
1910/1910 [==============================] - 1s 683us/step - loss: 4.7627e-04
Epoch 23/10000

  32/1910 [..............................] - ETA: 1s - loss: 3.8171e-04
 128/1910 [=>............................] - ETA: 1s - loss: 4.5974e-04
 224/1910 [==>...........................] - ETA: 1s - loss: 4.2043e-04
 320/1910 [====>.........................] - ETA: 1s - loss: 5.6446e-04
 416/1910 [=====>........................] - ETA: 1s - loss: 5.2002e-04
 512/1910 [=======>......................] - ETA: 0s - loss: 5.1608e-04
 608/1910 [========>.....................] - ETA: 0s - loss: 5.0966e-04
 704/1910 [==========>...................] - ETA: 0s - loss: 5.0848e-04
 800/1910 [===========>..................] - ETA: 0s - loss: 5.5248e-04
 896/1910 [=============>................] - ETA: 0s - loss: 5.5048e-04
 992/1910 [==============>...............] - ETA: 0s - loss: 5.3048e-04
1088/1910 [================>.............] - ETA: 0s - loss: 5.1426e-04
1184/1910 [=================>............] - ETA: 0s - loss: 4.9540e-04
1280/1910 [===================>..........] - ETA: 0s - loss: 5.1284e-04
1376/1910 [====================>.........] - ETA: 0s - loss: 5.0342e-04
1472/1910 [======================>.......] - ETA: 0s - loss: 5.0438e-04
1568/1910 [=======================>......] - ETA: 0s - loss: 5.0083e-04
1664/1910 [=========================>....] - ETA: 0s - loss: 4.9272e-04
1760/1910 [==========================>...] - ETA: 0s - loss: 4.8527e-04
1856/1910 [============================>.] - ETA: 0s - loss: 4.8273e-04
1910/1910 [==============================] - 1s 674us/step - loss: 4.7737e-04
Epoch 24/10000

  32/1910 [..............................] - ETA: 1s - loss: 5.9960e-04
 128/1910 [=>............................] - ETA: 1s - loss: 3.4896e-04
 224/1910 [==>...........................] - ETA: 1s - loss: 3.4446e-04
 320/1910 [====>.........................] - ETA: 1s - loss: 3.2690e-04
 416/1910 [=====>........................] - ETA: 1s - loss: 4.2512e-04
 512/1910 [=======>......................] - ETA: 0s - loss: 4.3918e-04
 608/1910 [========>.....................] - ETA: 0s - loss: 4.1372e-04
 704/1910 [==========>...................] - ETA: 0s - loss: 4.0773e-04
 800/1910 [===========>..................] - ETA: 0s - loss: 3.9337e-04
 896/1910 [=============>................] - ETA: 0s - loss: 3.8315e-04
 992/1910 [==============>...............] - ETA: 0s - loss: 4.3017e-04
1088/1910 [================>.............] - ETA: 0s - loss: 4.3547e-04
1184/1910 [=================>............] - ETA: 0s - loss: 4.3695e-04
1280/1910 [===================>..........] - ETA: 0s - loss: 4.2805e-04
1376/1910 [====================>.........] - ETA: 0s - loss: 4.1449e-04
1472/1910 [======================>.......] - ETA: 0s - loss: 4.0887e-04
1568/1910 [=======================>......] - ETA: 0s - loss: 4.0327e-04
1664/1910 [=========================>....] - ETA: 0s - loss: 4.0604e-04
1760/1910 [==========================>...] - ETA: 0s - loss: 3.9628e-04
1856/1910 [============================>.] - ETA: 0s - loss: 4.1075e-04
1910/1910 [==============================] - 1s 676us/step - loss: 4.2560e-04
Epoch 25/10000

  32/1910 [..............................] - ETA: 1s - loss: 2.8116e-04
 128/1910 [=>............................] - ETA: 1s - loss: 7.1002e-04
 224/1910 [==>...........................] - ETA: 1s - loss: 6.5522e-04
 320/1910 [====>.........................] - ETA: 1s - loss: 6.8387e-04
 416/1910 [=====>........................] - ETA: 1s - loss: 6.7863e-04
 512/1910 [=======>......................] - ETA: 0s - loss: 6.3124e-04
 608/1910 [========>.....................] - ETA: 0s - loss: 6.3947e-04
 704/1910 [==========>...................] - ETA: 0s - loss: 6.1008e-04
 800/1910 [===========>..................] - ETA: 0s - loss: 5.9797e-04
 896/1910 [=============>................] - ETA: 0s - loss: 5.8411e-04
 992/1910 [==============>...............] - ETA: 0s - loss: 5.6910e-04
1088/1910 [================>.............] - ETA: 0s - loss: 5.5264e-04
1184/1910 [=================>............] - ETA: 0s - loss: 5.3839e-04
1280/1910 [===================>..........] - ETA: 0s - loss: 5.2551e-04
1376/1910 [====================>.........] - ETA: 0s - loss: 5.1118e-04
1472/1910 [======================>.......] - ETA: 0s - loss: 5.2437e-04
1568/1910 [=======================>......] - ETA: 0s - loss: 5.1420e-04
1664/1910 [=========================>....] - ETA: 0s - loss: 5.3002e-04
1760/1910 [==========================>...] - ETA: 0s - loss: 5.1393e-04
1856/1910 [============================>.] - ETA: 0s - loss: 5.1231e-04
1910/1910 [==============================] - 1s 680us/step - loss: 5.0515e-04
Epoch 26/10000

  32/1910 [..............................] - ETA: 1s - loss: 2.2975e-04
 128/1910 [=>............................] - ETA: 1s - loss: 3.5230e-04
 224/1910 [==>...........................] - ETA: 1s - loss: 4.0829e-04
 320/1910 [====>.........................] - ETA: 1s - loss: 4.5948e-04
 416/1910 [=====>........................] - ETA: 1s - loss: 4.2440e-04
 512/1910 [=======>......................] - ETA: 0s - loss: 4.1248e-04
 608/1910 [========>.....................] - ETA: 0s - loss: 4.0378e-04
 704/1910 [==========>...................] - ETA: 0s - loss: 4.0173e-04
 800/1910 [===========>..................] - ETA: 0s - loss: 3.9745e-04
 896/1910 [=============>................] - ETA: 0s - loss: 4.2651e-04
 992/1910 [==============>...............] - ETA: 0s - loss: 4.2361e-04
1088/1910 [================>.............] - ETA: 0s - loss: 4.1359e-04
1184/1910 [=================>............] - ETA: 0s - loss: 4.0261e-04
1280/1910 [===================>..........] - ETA: 0s - loss: 3.8740e-04
1376/1910 [====================>.........] - ETA: 0s - loss: 3.9041e-04
1472/1910 [======================>.......] - ETA: 0s - loss: 3.9033e-04
1568/1910 [=======================>......] - ETA: 0s - loss: 3.8650e-04
1664/1910 [=========================>....] - ETA: 0s - loss: 3.8485e-04
1760/1910 [==========================>...] - ETA: 0s - loss: 3.8302e-04
1856/1910 [============================>.] - ETA: 0s - loss: 3.7722e-04
1910/1910 [==============================] - 1s 679us/step - loss: 4.0291e-04
Epoch 27/10000

  32/1910 [..............................] - ETA: 1s - loss: 2.4539e-04
 128/1910 [=>............................] - ETA: 1s - loss: 2.9207e-04
 224/1910 [==>...........................] - ETA: 1s - loss: 3.1625e-04
 320/1910 [====>.........................] - ETA: 1s - loss: 5.0718e-04
 416/1910 [=====>........................] - ETA: 1s - loss: 4.8021e-04
 512/1910 [=======>......................] - ETA: 0s - loss: 4.8249e-04
 608/1910 [========>.....................] - ETA: 0s - loss: 4.8291e-04
 704/1910 [==========>...................] - ETA: 0s - loss: 4.6514e-04
 800/1910 [===========>..................] - ETA: 0s - loss: 4.4730e-04
 896/1910 [=============>................] - ETA: 0s - loss: 4.3691e-04
 992/1910 [==============>...............] - ETA: 0s - loss: 4.3029e-04
1088/1910 [================>.............] - ETA: 0s - loss: 4.2880e-04
1184/1910 [=================>............] - ETA: 0s - loss: 4.3084e-04
1280/1910 [===================>..........] - ETA: 0s - loss: 4.4284e-04
1376/1910 [====================>.........] - ETA: 0s - loss: 4.3111e-04
1472/1910 [======================>.......] - ETA: 0s - loss: 4.1593e-04
1568/1910 [=======================>......] - ETA: 0s - loss: 4.0483e-04
1664/1910 [=========================>....] - ETA: 0s - loss: 3.9208e-04
1760/1910 [==========================>...] - ETA: 0s - loss: 4.0971e-04
1856/1910 [============================>.] - ETA: 0s - loss: 4.1794e-04
1910/1910 [==============================] - 1s 678us/step - loss: 4.1695e-04
Epoch 28/10000

  32/1910 [..............................] - ETA: 1s - loss: 0.0022
 128/1910 [=>............................] - ETA: 1s - loss: 8.8770e-04
 224/1910 [==>...........................] - ETA: 1s - loss: 6.0944e-04
 320/1910 [====>.........................] - ETA: 1s - loss: 5.0478e-04
 416/1910 [=====>........................] - ETA: 0s - loss: 4.7050e-04
 512/1910 [=======>......................] - ETA: 0s - loss: 4.7917e-04
 608/1910 [========>.....................] - ETA: 0s - loss: 4.8192e-04
 704/1910 [==========>...................] - ETA: 0s - loss: 4.8154e-04
 800/1910 [===========>..................] - ETA: 0s - loss: 4.6702e-04
 896/1910 [=============>................] - ETA: 0s - loss: 4.4720e-04
 992/1910 [==============>...............] - ETA: 0s - loss: 4.3484e-04
1088/1910 [================>.............] - ETA: 0s - loss: 4.1576e-04
1184/1910 [=================>............] - ETA: 0s - loss: 4.1095e-04
1280/1910 [===================>..........] - ETA: 0s - loss: 4.2805e-04
1376/1910 [====================>.........] - ETA: 0s - loss: 4.2140e-04
1472/1910 [======================>.......] - ETA: 0s - loss: 4.1943e-04
1568/1910 [=======================>......] - ETA: 0s - loss: 4.1924e-04
1664/1910 [=========================>....] - ETA: 0s - loss: 4.1061e-04
1760/1910 [==========================>...] - ETA: 0s - loss: 4.0401e-04
1856/1910 [============================>.] - ETA: 0s - loss: 3.9814e-04
1910/1910 [==============================] - 1s 685us/step - loss: 4.0022e-04
Epoch 29/10000

  32/1910 [..............................] - ETA: 1s - loss: 2.4802e-04
 128/1910 [=>............................] - ETA: 1s - loss: 3.2708e-04
 224/1910 [==>...........................] - ETA: 1s - loss: 3.2029e-04
 320/1910 [====>.........................] - ETA: 1s - loss: 3.1498e-04
 416/1910 [=====>........................] - ETA: 1s - loss: 3.0864e-04
 512/1910 [=======>......................] - ETA: 0s - loss: 3.3220e-04
 608/1910 [========>.....................] - ETA: 0s - loss: 3.2395e-04
 704/1910 [==========>...................] - ETA: 0s - loss: 3.4598e-04
 800/1910 [===========>..................] - ETA: 0s - loss: 3.5390e-04
 896/1910 [=============>................] - ETA: 0s - loss: 3.6036e-04
 992/1910 [==============>...............] - ETA: 0s - loss: 3.5383e-04
1088/1910 [================>.............] - ETA: 0s - loss: 3.7272e-04
1184/1910 [=================>............] - ETA: 0s - loss: 3.6836e-04
1280/1910 [===================>..........] - ETA: 0s - loss: 3.9114e-04
1376/1910 [====================>.........] - ETA: 0s - loss: 4.2189e-04
1472/1910 [======================>.......] - ETA: 0s - loss: 4.1922e-04
1568/1910 [=======================>......] - ETA: 0s - loss: 4.1885e-04
1664/1910 [=========================>....] - ETA: 0s - loss: 4.1746e-04
1760/1910 [==========================>...] - ETA: 0s - loss: 4.0617e-04
1856/1910 [============================>.] - ETA: 0s - loss: 3.9837e-04
1910/1910 [==============================] - 1s 685us/step - loss: 3.9236e-04
Epoch 30/10000

  32/1910 [..............................] - ETA: 1s - loss: 3.6047e-04
 128/1910 [=>............................] - ETA: 1s - loss: 2.8179e-04
 224/1910 [==>...........................] - ETA: 1s - loss: 5.2980e-04
 320/1910 [====>.........................] - ETA: 1s - loss: 4.9375e-04
 416/1910 [=====>........................] - ETA: 0s - loss: 4.9526e-04
 512/1910 [=======>......................] - ETA: 0s - loss: 5.6427e-04
 608/1910 [========>.....................] - ETA: 0s - loss: 5.9265e-04
 704/1910 [==========>...................] - ETA: 0s - loss: 5.9025e-04
 800/1910 [===========>..................] - ETA: 0s - loss: 5.5070e-04
 896/1910 [=============>................] - ETA: 0s - loss: 5.2224e-04
 992/1910 [==============>...............] - ETA: 0s - loss: 4.9258e-04
1088/1910 [================>.............] - ETA: 0s - loss: 4.7148e-04
1184/1910 [=================>............] - ETA: 0s - loss: 4.8173e-04
1280/1910 [===================>..........] - ETA: 0s - loss: 4.7367e-04
1376/1910 [====================>.........] - ETA: 0s - loss: 4.6102e-04
1472/1910 [======================>.......] - ETA: 0s - loss: 4.5103e-04
1568/1910 [=======================>......] - ETA: 0s - loss: 4.5803e-04
1664/1910 [=========================>....] - ETA: 0s - loss: 4.4634e-04
1760/1910 [==========================>...] - ETA: 0s - loss: 4.3294e-04
1856/1910 [============================>.] - ETA: 0s - loss: 4.3099e-04
1910/1910 [==============================] - 1s 687us/step - loss: 4.2748e-04
Epoch 31/10000

  32/1910 [..............................] - ETA: 1s - loss: 2.5675e-04
 128/1910 [=>............................] - ETA: 1s - loss: 3.2266e-04
 224/1910 [==>...........................] - ETA: 1s - loss: 2.9743e-04
 320/1910 [====>.........................] - ETA: 1s - loss: 2.9373e-04
 416/1910 [=====>........................] - ETA: 1s - loss: 3.5279e-04
 512/1910 [=======>......................] - ETA: 0s - loss: 3.1371e-04
 608/1910 [========>.....................] - ETA: 0s - loss: 3.0737e-04
 704/1910 [==========>...................] - ETA: 0s - loss: 3.1591e-04
 800/1910 [===========>..................] - ETA: 0s - loss: 3.3041e-04
 896/1910 [=============>................] - ETA: 0s - loss: 3.3852e-04
 992/1910 [==============>...............] - ETA: 0s - loss: 3.4724e-04
1088/1910 [================>.............] - ETA: 0s - loss: 3.3864e-04
1184/1910 [=================>............] - ETA: 0s - loss: 3.8394e-04
1280/1910 [===================>..........] - ETA: 0s - loss: 3.8117e-04
1376/1910 [====================>.........] - ETA: 0s - loss: 3.7639e-04
1472/1910 [======================>.......] - ETA: 0s - loss: 3.7267e-04
1568/1910 [=======================>......] - ETA: 0s - loss: 3.6934e-04
1664/1910 [=========================>....] - ETA: 0s - loss: 3.6557e-04
1760/1910 [==========================>...] - ETA: 0s - loss: 3.8258e-04
1856/1910 [============================>.] - ETA: 0s - loss: 3.8883e-04
1910/1910 [==============================] - 1s 696us/step - loss: 3.8849e-04
Epoch 32/10000

  32/1910 [..............................] - ETA: 1s - loss: 1.8920e-04
 128/1910 [=>............................] - ETA: 1s - loss: 2.5045e-04
 224/1910 [==>...........................] - ETA: 1s - loss: 2.3074e-04
 320/1910 [====>.........................] - ETA: 1s - loss: 2.4094e-04
 416/1910 [=====>........................] - ETA: 1s - loss: 2.3388e-04
 512/1910 [=======>......................] - ETA: 0s - loss: 2.9130e-04
 608/1910 [========>.....................] - ETA: 0s - loss: 2.8472e-04
 704/1910 [==========>...................] - ETA: 0s - loss: 3.5406e-04
 800/1910 [===========>..................] - ETA: 0s - loss: 3.4215e-04
 896/1910 [=============>................] - ETA: 0s - loss: 3.2293e-04
 992/1910 [==============>...............] - ETA: 0s - loss: 3.4035e-04
1088/1910 [================>.............] - ETA: 0s - loss: 3.4062e-04
1184/1910 [=================>............] - ETA: 0s - loss: 3.4667e-04
1280/1910 [===================>..........] - ETA: 0s - loss: 3.8126e-04
1376/1910 [====================>.........] - ETA: 0s - loss: 4.0567e-04
1472/1910 [======================>.......] - ETA: 0s - loss: 4.0650e-04
1568/1910 [=======================>......] - ETA: 0s - loss: 4.0121e-04
1664/1910 [=========================>....] - ETA: 0s - loss: 4.0427e-04
1760/1910 [==========================>...] - ETA: 0s - loss: 3.9154e-04
1856/1910 [============================>.] - ETA: 0s - loss: 3.8892e-04
1910/1910 [==============================] - 1s 696us/step - loss: 3.8592e-04
Epoch 33/10000

  32/1910 [..............................] - ETA: 1s - loss: 1.8892e-04
 128/1910 [=>............................] - ETA: 1s - loss: 3.3091e-04
 224/1910 [==>...........................] - ETA: 1s - loss: 2.9114e-04
 320/1910 [====>.........................] - ETA: 1s - loss: 3.1131e-04
 416/1910 [=====>........................] - ETA: 1s - loss: 3.7947e-04
 512/1910 [=======>......................] - ETA: 0s - loss: 3.3484e-04
 608/1910 [========>.....................] - ETA: 0s - loss: 3.2476e-04
 704/1910 [==========>...................] - ETA: 0s - loss: 3.1292e-04
 800/1910 [===========>..................] - ETA: 0s - loss: 3.0856e-04
 896/1910 [=============>................] - ETA: 0s - loss: 3.0285e-04
 992/1910 [==============>...............] - ETA: 0s - loss: 2.9970e-04
1088/1910 [================>.............] - ETA: 0s - loss: 2.9835e-04
1184/1910 [=================>............] - ETA: 0s - loss: 3.0037e-04
1280/1910 [===================>..........] - ETA: 0s - loss: 3.0409e-04
1376/1910 [====================>.........] - ETA: 0s - loss: 3.0559e-04
1472/1910 [======================>.......] - ETA: 0s - loss: 3.0783e-04
1568/1910 [=======================>......] - ETA: 0s - loss: 3.0338e-04
1664/1910 [=========================>....] - ETA: 0s - loss: 3.6406e-04
1760/1910 [==========================>...] - ETA: 0s - loss: 3.6612e-04
1856/1910 [============================>.] - ETA: 0s - loss: 3.7634e-04
1910/1910 [==============================] - 1s 691us/step - loss: 3.7544e-04
Epoch 34/10000

  32/1910 [..............................] - ETA: 1s - loss: 7.4356e-04
 128/1910 [=>............................] - ETA: 1s - loss: 5.3392e-04
 224/1910 [==>...........................] - ETA: 1s - loss: 4.9887e-04
 320/1910 [====>.........................] - ETA: 1s - loss: 5.7809e-04
 416/1910 [=====>........................] - ETA: 1s - loss: 6.3232e-04
 512/1910 [=======>......................] - ETA: 0s - loss: 6.5899e-04
 608/1910 [========>.....................] - ETA: 0s - loss: 6.8790e-04
 704/1910 [==========>...................] - ETA: 0s - loss: 6.8437e-04
 800/1910 [===========>..................] - ETA: 0s - loss: 6.6545e-04
 896/1910 [=============>................] - ETA: 0s - loss: 6.3121e-04
 992/1910 [==============>...............] - ETA: 0s - loss: 6.0333e-04
1088/1910 [================>.............] - ETA: 0s - loss: 5.8007e-04
1184/1910 [=================>............] - ETA: 0s - loss: 5.5159e-04
1280/1910 [===================>..........] - ETA: 0s - loss: 5.4479e-04
1376/1910 [====================>.........] - ETA: 0s - loss: 5.2850e-04
1472/1910 [======================>.......] - ETA: 0s - loss: 5.1396e-04
1568/1910 [=======================>......] - ETA: 0s - loss: 5.0514e-04
1664/1910 [=========================>....] - ETA: 0s - loss: 4.9083e-04
1760/1910 [==========================>...] - ETA: 0s - loss: 4.9329e-04
1856/1910 [============================>.] - ETA: 0s - loss: 4.7827e-04
1910/1910 [==============================] - 1s 697us/step - loss: 4.7371e-04
Epoch 35/10000

  32/1910 [..............................] - ETA: 1s - loss: 3.9712e-04
 128/1910 [=>............................] - ETA: 1s - loss: 2.5196e-04
 224/1910 [==>...........................] - ETA: 1s - loss: 4.1988e-04
 320/1910 [====>.........................] - ETA: 1s - loss: 3.6769e-04
 416/1910 [=====>........................] - ETA: 1s - loss: 3.4192e-04
 512/1910 [=======>......................] - ETA: 1s - loss: 4.4099e-04
 608/1910 [========>.....................] - ETA: 0s - loss: 4.7783e-04
 704/1910 [==========>...................] - ETA: 0s - loss: 5.1232e-04
 800/1910 [===========>..................] - ETA: 0s - loss: 5.0124e-04
 896/1910 [=============>................] - ETA: 0s - loss: 4.9787e-04
 992/1910 [==============>...............] - ETA: 0s - loss: 4.9394e-04
1088/1910 [================>.............] - ETA: 0s - loss: 4.7970e-04
1184/1910 [=================>............] - ETA: 0s - loss: 4.9244e-04
1280/1910 [===================>..........] - ETA: 0s - loss: 4.7223e-04
1376/1910 [====================>.........] - ETA: 0s - loss: 4.6600e-04
1472/1910 [======================>.......] - ETA: 0s - loss: 4.5150e-04
1568/1910 [=======================>......] - ETA: 0s - loss: 4.4962e-04
1664/1910 [=========================>....] - ETA: 0s - loss: 4.4073e-04
1760/1910 [==========================>...] - ETA: 0s - loss: 4.2756e-04
1856/1910 [============================>.] - ETA: 0s - loss: 4.1560e-04
1910/1910 [==============================] - 1s 697us/step - loss: 4.1125e-04
Epoch 36/10000

  32/1910 [..............................] - ETA: 1s - loss: 1.9329e-04
 128/1910 [=>............................] - ETA: 1s - loss: 3.0725e-04
 224/1910 [==>...........................] - ETA: 1s - loss: 3.7202e-04
 320/1910 [====>.........................] - ETA: 1s - loss: 3.6670e-04
 416/1910 [=====>........................] - ETA: 1s - loss: 3.5334e-04
 512/1910 [=======>......................] - ETA: 0s - loss: 3.8547e-04
 608/1910 [========>.....................] - ETA: 0s - loss: 4.3952e-04
 704/1910 [==========>...................] - ETA: 0s - loss: 4.8024e-04
 800/1910 [===========>..................] - ETA: 0s - loss: 4.6786e-04
 896/1910 [=============>................] - ETA: 0s - loss: 4.7632e-04
 992/1910 [==============>...............] - ETA: 0s - loss: 4.6232e-04
1088/1910 [================>.............] - ETA: 0s - loss: 4.4041e-04
1184/1910 [=================>............] - ETA: 0s - loss: 4.2261e-04
1280/1910 [===================>..........] - ETA: 0s - loss: 4.1303e-04
1376/1910 [====================>.........] - ETA: 0s - loss: 4.2451e-04
1472/1910 [======================>.......] - ETA: 0s - loss: 4.2130e-04
1568/1910 [=======================>......] - ETA: 0s - loss: 4.0955e-04
1664/1910 [=========================>....] - ETA: 0s - loss: 3.9841e-04
1760/1910 [==========================>...] - ETA: 0s - loss: 3.8978e-04
1856/1910 [============================>.] - ETA: 0s - loss: 3.7775e-04
1910/1910 [==============================] - 1s 692us/step - loss: 3.7347e-04
Epoch 37/10000

  32/1910 [..............................] - ETA: 1s - loss: 1.8170e-04
 128/1910 [=>............................] - ETA: 1s - loss: 1.5075e-04
 224/1910 [==>...........................] - ETA: 1s - loss: 2.4844e-04
 320/1910 [====>.........................] - ETA: 1s - loss: 2.9015e-04
 416/1910 [=====>........................] - ETA: 1s - loss: 2.9926e-04
 512/1910 [=======>......................] - ETA: 0s - loss: 2.8257e-04
 608/1910 [========>.....................] - ETA: 0s - loss: 2.8251e-04
 704/1910 [==========>...................] - ETA: 0s - loss: 3.7038e-04
 800/1910 [===========>..................] - ETA: 0s - loss: 3.6186e-04
 896/1910 [=============>................] - ETA: 0s - loss: 3.7076e-04
 992/1910 [==============>...............] - ETA: 0s - loss: 3.6485e-04
1088/1910 [================>.............] - ETA: 0s - loss: 3.6373e-04
1184/1910 [=================>............] - ETA: 0s - loss: 3.5253e-04
1280/1910 [===================>..........] - ETA: 0s - loss: 3.4966e-04
1376/1910 [====================>.........] - ETA: 0s - loss: 3.3614e-04
1472/1910 [======================>.......] - ETA: 0s - loss: 3.5094e-04
1568/1910 [=======================>......] - ETA: 0s - loss: 3.4361e-04
1664/1910 [=========================>....] - ETA: 0s - loss: 3.3995e-04
1760/1910 [==========================>...] - ETA: 0s - loss: 3.5468e-04
1856/1910 [============================>.] - ETA: 0s - loss: 3.4421e-04
1910/1910 [==============================] - 1s 690us/step - loss: 3.4140e-04
Epoch 38/10000

  32/1910 [..............................] - ETA: 1s - loss: 2.0878e-04
 128/1910 [=>............................] - ETA: 1s - loss: 1.9437e-04
 224/1910 [==>...........................] - ETA: 1s - loss: 4.4123e-04
 320/1910 [====>.........................] - ETA: 1s - loss: 4.9547e-04
 416/1910 [=====>........................] - ETA: 1s - loss: 4.5898e-04
 512/1910 [=======>......................] - ETA: 0s - loss: 4.5349e-04
 608/1910 [========>.....................] - ETA: 0s - loss: 4.7062e-04
 704/1910 [==========>...................] - ETA: 0s - loss: 4.7276e-04
 800/1910 [===========>..................] - ETA: 0s - loss: 4.8436e-04
 896/1910 [=============>................] - ETA: 0s - loss: 4.8325e-04
 992/1910 [==============>...............] - ETA: 0s - loss: 4.6804e-04
1088/1910 [================>.............] - ETA: 0s - loss: 4.7203e-04
1184/1910 [=================>............] - ETA: 0s - loss: 4.6719e-04
1280/1910 [===================>..........] - ETA: 0s - loss: 4.9263e-04
1376/1910 [====================>.........] - ETA: 0s - loss: 4.8150e-04
1472/1910 [======================>.......] - ETA: 0s - loss: 4.7168e-04
1568/1910 [=======================>......] - ETA: 0s - loss: 4.8410e-04
1664/1910 [=========================>....] - ETA: 0s - loss: 4.7414e-04
1760/1910 [==========================>...] - ETA: 0s - loss: 4.6926e-04
1856/1910 [============================>.] - ETA: 0s - loss: 4.5880e-04
1910/1910 [==============================] - 1s 689us/step - loss: 4.5370e-04
Epoch 39/10000

  32/1910 [..............................] - ETA: 1s - loss: 2.2282e-04
 128/1910 [=>............................] - ETA: 1s - loss: 2.6290e-04
 224/1910 [==>...........................] - ETA: 1s - loss: 3.5861e-04
 320/1910 [====>.........................] - ETA: 1s - loss: 3.2023e-04
 416/1910 [=====>........................] - ETA: 1s - loss: 3.1260e-04
 512/1910 [=======>......................] - ETA: 0s - loss: 3.1697e-04
 608/1910 [========>.....................] - ETA: 0s - loss: 4.0411e-04
 704/1910 [==========>...................] - ETA: 0s - loss: 3.9675e-04
 800/1910 [===========>..................] - ETA: 0s - loss: 3.7395e-04
 896/1910 [=============>................] - ETA: 0s - loss: 3.7684e-04
 992/1910 [==============>...............] - ETA: 0s - loss: 3.8691e-04
1088/1910 [================>.............] - ETA: 0s - loss: 3.7091e-04
1184/1910 [=================>............] - ETA: 0s - loss: 3.6830e-04
1280/1910 [===================>..........] - ETA: 0s - loss: 3.6014e-04
1376/1910 [====================>.........] - ETA: 0s - loss: 3.4847e-04
1472/1910 [======================>.......] - ETA: 0s - loss: 3.4387e-04
1568/1910 [=======================>......] - ETA: 0s - loss: 3.3787e-04
1664/1910 [=========================>....] - ETA: 0s - loss: 3.3298e-04
1760/1910 [==========================>...] - ETA: 0s - loss: 3.3055e-04
1856/1910 [============================>.] - ETA: 0s - loss: 3.2592e-04
1910/1910 [==============================] - 1s 679us/step - loss: 3.2730e-04
Epoch 40/10000

  32/1910 [..............................] - ETA: 1s - loss: 1.4800e-04
 128/1910 [=>............................] - ETA: 1s - loss: 2.4878e-04
 224/1910 [==>...........................] - ETA: 1s - loss: 2.6548e-04
 320/1910 [====>.........................] - ETA: 1s - loss: 2.8924e-04
 416/1910 [=====>........................] - ETA: 1s - loss: 3.2215e-04
 512/1910 [=======>......................] - ETA: 0s - loss: 3.0758e-04
 608/1910 [========>.....................] - ETA: 0s - loss: 2.9972e-04
 704/1910 [==========>...................] - ETA: 0s - loss: 2.8728e-04
 800/1910 [===========>..................] - ETA: 0s - loss: 3.3641e-04
 896/1910 [=============>................] - ETA: 0s - loss: 3.2495e-04
 992/1910 [==============>...............] - ETA: 0s - loss: 3.4918e-04
1088/1910 [================>.............] - ETA: 0s - loss: 3.4776e-04
1184/1910 [=================>............] - ETA: 0s - loss: 3.4162e-04
1280/1910 [===================>..........] - ETA: 0s - loss: 3.3609e-04
1376/1910 [====================>.........] - ETA: 0s - loss: 3.3465e-04
1472/1910 [======================>.......] - ETA: 0s - loss: 3.2492e-04
1568/1910 [=======================>......] - ETA: 0s - loss: 3.1530e-04
1664/1910 [=========================>....] - ETA: 0s - loss: 3.4467e-04
1760/1910 [==========================>...] - ETA: 0s - loss: 3.4954e-04
1856/1910 [============================>.] - ETA: 0s - loss: 3.4915e-04
1910/1910 [==============================] - 1s 695us/step - loss: 3.4926e-04
Epoch 41/10000

  32/1910 [..............................] - ETA: 1s - loss: 3.2915e-04
 128/1910 [=>............................] - ETA: 1s - loss: 3.6952e-04
 224/1910 [==>...........................] - ETA: 1s - loss: 3.7084e-04
 320/1910 [====>.........................] - ETA: 1s - loss: 3.2513e-04
 416/1910 [=====>........................] - ETA: 1s - loss: 4.3726e-04
 512/1910 [=======>......................] - ETA: 0s - loss: 4.4214e-04
 608/1910 [========>.....................] - ETA: 0s - loss: 4.2006e-04
 704/1910 [==========>...................] - ETA: 0s - loss: 4.0574e-04
 800/1910 [===========>..................] - ETA: 0s - loss: 3.9320e-04
 896/1910 [=============>................] - ETA: 0s - loss: 3.7699e-04
 992/1910 [==============>...............] - ETA: 0s - loss: 3.6433e-04
1088/1910 [================>.............] - ETA: 0s - loss: 3.5607e-04
1184/1910 [=================>............] - ETA: 0s - loss: 3.4714e-04
1280/1910 [===================>..........] - ETA: 0s - loss: 3.6890e-04
1376/1910 [====================>.........] - ETA: 0s - loss: 3.6918e-04
1472/1910 [======================>.......] - ETA: 0s - loss: 3.7016e-04
1568/1910 [=======================>......] - ETA: 0s - loss: 3.8471e-04
1664/1910 [=========================>....] - ETA: 0s - loss: 3.7511e-04
1760/1910 [==========================>...] - ETA: 0s - loss: 3.6639e-04
1856/1910 [============================>.] - ETA: 0s - loss: 3.5829e-04
1910/1910 [==============================] - 1s 690us/step - loss: 3.5313e-04
Epoch 42/10000

  32/1910 [..............................] - ETA: 1s - loss: 1.2917e-04
 128/1910 [=>............................] - ETA: 1s - loss: 3.3610e-04
 224/1910 [==>...........................] - ETA: 1s - loss: 3.0125e-04
 320/1910 [====>.........................] - ETA: 1s - loss: 2.9821e-04
 416/1910 [=====>........................] - ETA: 0s - loss: 2.6927e-04
 512/1910 [=======>......................] - ETA: 0s - loss: 2.6634e-04
 608/1910 [========>.....................] - ETA: 0s - loss: 3.6035e-04
 704/1910 [==========>...................] - ETA: 0s - loss: 4.0188e-04
 800/1910 [===========>..................] - ETA: 0s - loss: 3.8040e-04
 896/1910 [=============>................] - ETA: 0s - loss: 3.7019e-04
 992/1910 [==============>...............] - ETA: 0s - loss: 3.4974e-04
1088/1910 [================>.............] - ETA: 0s - loss: 3.5883e-04
1184/1910 [=================>............] - ETA: 0s - loss: 3.5092e-04
1280/1910 [===================>..........] - ETA: 0s - loss: 3.3820e-04
1376/1910 [====================>.........] - ETA: 0s - loss: 3.5344e-04
1472/1910 [======================>.......] - ETA: 0s - loss: 3.4870e-04
1568/1910 [=======================>......] - ETA: 0s - loss: 3.5064e-04
1664/1910 [=========================>....] - ETA: 0s - loss: 3.4371e-04
1760/1910 [==========================>...] - ETA: 0s - loss: 3.3836e-04
1856/1910 [============================>.] - ETA: 0s - loss: 3.3765e-04
1910/1910 [==============================] - 1s 682us/step - loss: 3.3263e-04
Epoch 43/10000

  32/1910 [..............................] - ETA: 1s - loss: 2.1274e-04
 128/1910 [=>............................] - ETA: 1s - loss: 3.1375e-04
 224/1910 [==>...........................] - ETA: 1s - loss: 2.9456e-04
 320/1910 [====>.........................] - ETA: 1s - loss: 3.1215e-04
 416/1910 [=====>........................] - ETA: 1s - loss: 3.0874e-04
 512/1910 [=======>......................] - ETA: 0s - loss: 3.1097e-04
 608/1910 [========>.....................] - ETA: 0s - loss: 2.9179e-04
 704/1910 [==========>...................] - ETA: 0s - loss: 3.4642e-04
 800/1910 [===========>..................] - ETA: 0s - loss: 3.2520e-04
 896/1910 [=============>................] - ETA: 0s - loss: 3.6380e-04
 992/1910 [==============>...............] - ETA: 0s - loss: 3.5993e-04
1088/1910 [================>.............] - ETA: 0s - loss: 3.4555e-04
1184/1910 [=================>............] - ETA: 0s - loss: 3.4884e-04
1280/1910 [===================>..........] - ETA: 0s - loss: 3.4231e-04
1376/1910 [====================>.........] - ETA: 0s - loss: 3.3695e-04
1472/1910 [======================>.......] - ETA: 0s - loss: 3.2931e-04
1568/1910 [=======================>......] - ETA: 0s - loss: 3.3034e-04
1664/1910 [=========================>....] - ETA: 0s - loss: 3.2432e-04
1760/1910 [==========================>...] - ETA: 0s - loss: 3.5409e-04
1856/1910 [============================>.] - ETA: 0s - loss: 3.5640e-04
1910/1910 [==============================] - 1s 698us/step - loss: 3.5431e-04
Epoch 44/10000

  32/1910 [..............................] - ETA: 1s - loss: 2.0343e-04
 128/1910 [=>............................] - ETA: 1s - loss: 2.6076e-04
 224/1910 [==>...........................] - ETA: 1s - loss: 2.6054e-04
 320/1910 [====>.........................] - ETA: 1s - loss: 2.6340e-04
 416/1910 [=====>........................] - ETA: 1s - loss: 2.5747e-04
 512/1910 [=======>......................] - ETA: 0s - loss: 3.0629e-04
 608/1910 [========>.....................] - ETA: 0s - loss: 3.0554e-04
 704/1910 [==========>...................] - ETA: 0s - loss: 4.0658e-04
 800/1910 [===========>..................] - ETA: 0s - loss: 4.1164e-04
 896/1910 [=============>................] - ETA: 0s - loss: 4.2617e-04
 992/1910 [==============>...............] - ETA: 0s - loss: 4.2252e-04
1088/1910 [================>.............] - ETA: 0s - loss: 4.1981e-04
1184/1910 [=================>............] - ETA: 0s - loss: 4.2862e-04
1280/1910 [===================>..........] - ETA: 0s - loss: 4.6036e-04
1376/1910 [====================>.........] - ETA: 0s - loss: 4.4983e-04
1472/1910 [======================>.......] - ETA: 0s - loss: 4.4593e-04
1568/1910 [=======================>......] - ETA: 0s - loss: 4.3919e-04
1664/1910 [=========================>....] - ETA: 0s - loss: 4.3219e-04
1760/1910 [==========================>...] - ETA: 0s - loss: 4.2777e-04
1856/1910 [============================>.] - ETA: 0s - loss: 4.2393e-04
1910/1910 [==============================] - 1s 697us/step - loss: 4.1717e-04
Epoch 45/10000

  32/1910 [..............................] - ETA: 1s - loss: 1.6525e-04
 128/1910 [=>............................] - ETA: 1s - loss: 4.6808e-04
 224/1910 [==>...........................] - ETA: 1s - loss: 3.7190e-04
 320/1910 [====>.........................] - ETA: 1s - loss: 5.3827e-04
 416/1910 [=====>........................] - ETA: 1s - loss: 4.5682e-04
 512/1910 [=======>......................] - ETA: 0s - loss: 4.1422e-04
 608/1910 [========>.....................] - ETA: 0s - loss: 3.8334e-04
 704/1910 [==========>...................] - ETA: 0s - loss: 3.7267e-04
 800/1910 [===========>..................] - ETA: 0s - loss: 3.6752e-04
 896/1910 [=============>................] - ETA: 0s - loss: 3.7158e-04
 992/1910 [==============>...............] - ETA: 0s - loss: 3.5509e-04
1088/1910 [================>.............] - ETA: 0s - loss: 3.3870e-04
1184/1910 [=================>............] - ETA: 0s - loss: 3.3531e-04
1280/1910 [===================>..........] - ETA: 0s - loss: 3.2732e-04
1376/1910 [====================>.........] - ETA: 0s - loss: 3.5517e-04
1472/1910 [======================>.......] - ETA: 0s - loss: 3.5953e-04
1568/1910 [=======================>......] - ETA: 0s - loss: 3.6762e-04
1664/1910 [=========================>....] - ETA: 0s - loss: 3.7659e-04
1760/1910 [==========================>...] - ETA: 0s - loss: 3.7381e-04
1856/1910 [============================>.] - ETA: 0s - loss: 3.6751e-04
1910/1910 [==============================] - 1s 690us/step - loss: 3.6224e-04
Epoch 46/10000

  32/1910 [..............................] - ETA: 1s - loss: 4.5989e-04
 128/1910 [=>............................] - ETA: 1s - loss: 3.4925e-04
 224/1910 [==>...........................] - ETA: 1s - loss: 2.7034e-04
 320/1910 [====>.........................] - ETA: 1s - loss: 2.5739e-04
 416/1910 [=====>........................] - ETA: 1s - loss: 2.5495e-04
 512/1910 [=======>......................] - ETA: 0s - loss: 2.5550e-04
 608/1910 [========>.....................] - ETA: 0s - loss: 2.4630e-04
 704/1910 [==========>...................] - ETA: 0s - loss: 2.4592e-04
 800/1910 [===========>..................] - ETA: 0s - loss: 2.4726e-04
 896/1910 [=============>................] - ETA: 0s - loss: 2.4199e-04
 992/1910 [==============>...............] - ETA: 0s - loss: 2.7383e-04
1088/1910 [================>.............] - ETA: 0s - loss: 2.8093e-04
1184/1910 [=================>............] - ETA: 0s - loss: 2.9219e-04
1280/1910 [===================>..........] - ETA: 0s - loss: 3.3672e-04
1376/1910 [====================>.........] - ETA: 0s - loss: 3.6786e-04
1472/1910 [======================>.......] - ETA: 0s - loss: 4.0003e-04
1568/1910 [=======================>......] - ETA: 0s - loss: 4.4321e-04
1664/1910 [=========================>....] - ETA: 0s - loss: 4.5039e-04
1760/1910 [==========================>...] - ETA: 0s - loss: 4.4803e-04
1856/1910 [============================>.] - ETA: 0s - loss: 4.4594e-04
1910/1910 [==============================] - 1s 692us/step - loss: 4.4034e-04
Epoch 47/10000

  32/1910 [..............................] - ETA: 1s - loss: 6.5074e-04
 128/1910 [=>............................] - ETA: 1s - loss: 2.9840e-04
 224/1910 [==>...........................] - ETA: 1s - loss: 3.3546e-04
 320/1910 [====>.........................] - ETA: 1s - loss: 3.2462e-04
 416/1910 [=====>........................] - ETA: 1s - loss: 2.9548e-04
 512/1910 [=======>......................] - ETA: 0s - loss: 2.8165e-04
 608/1910 [========>.....................] - ETA: 0s - loss: 2.6632e-04
 704/1910 [==========>...................] - ETA: 0s - loss: 2.5579e-04
 800/1910 [===========>..................] - ETA: 0s - loss: 2.5313e-04
 896/1910 [=============>................] - ETA: 0s - loss: 2.4706e-04
 992/1910 [==============>...............] - ETA: 0s - loss: 2.4916e-04
1088/1910 [================>.............] - ETA: 0s - loss: 3.0177e-04
1184/1910 [=================>............] - ETA: 0s - loss: 3.0246e-04
1280/1910 [===================>..........] - ETA: 0s - loss: 2.9507e-04
1376/1910 [====================>.........] - ETA: 0s - loss: 2.9003e-04
1472/1910 [======================>.......] - ETA: 0s - loss: 2.9450e-04
1568/1910 [=======================>......] - ETA: 0s - loss: 2.9184e-04
1664/1910 [=========================>....] - ETA: 0s - loss: 2.8540e-04
1760/1910 [==========================>...] - ETA: 0s - loss: 3.3357e-04
1856/1910 [============================>.] - ETA: 0s - loss: 3.3293e-04
1910/1910 [==============================] - 1s 701us/step - loss: 3.3025e-04
